<?xml version="1.0" encoding="UTF-8"?>
<!-- Generated by org.testng.reporters.JUnitReportReporter -->
<testsuite hostname="DESKTOP-HJHABDC" failures="0" tests="1" name="demoqapractice.tests.ElementsTests" time="16.112" errors="0" timestamp="2024-05-03T12:06:29 CEST" skipped="0">
  <testcase classname="demoqapractice.tests.ElementsTests" name="submitTextForm" time="16.112"/>
</testsuite> <!-- demoqapractice.tests.ElementsTests -->
